20:43:05,538  INFO DefaultTestContextBootstrapper:259 - Loaded default TestExecutionListener class names from location [META-INF/spring.factories]: [org.springframework.test.context.web.ServletTestExecutionListener, org.springframework.test.context.support.DirtiesContextBeforeModesTestExecutionListener, org.springframework.test.context.support.DependencyInjectionTestExecutionListener, org.springframework.test.context.support.DirtiesContextTestExecutionListener, org.springframework.test.context.transaction.TransactionalTestExecutionListener, org.springframework.test.context.jdbc.SqlScriptsTestExecutionListener]
20:43:05,568  INFO DefaultTestContextBootstrapper:185 - Using TestExecutionListeners: [org.springframework.test.context.web.ServletTestExecutionListener@1621fe6, org.springframework.test.context.support.DirtiesContextBeforeModesTestExecutionListener@11c537f, org.springframework.test.context.support.DependencyInjectionTestExecutionListener@adcae8, org.springframework.test.context.support.DirtiesContextTestExecutionListener@1e4605c, org.springframework.test.context.transaction.TransactionalTestExecutionListener@727896, org.springframework.test.context.jdbc.SqlScriptsTestExecutionListener@14ace71]
20:43:06,024  INFO XmlBeanDefinitionReader:317 - Loading XML bean definitions from class path resource [com/zaltty/erp/dao/base/test/calsspath:applicationContext.xml]
20:43:06,027 ERROR TestContextManager:231 - Caught exception while allowing TestExecutionListener [org.springframework.test.context.support.DependencyInjectionTestExecutionListener@adcae8] to prepare test instance [com.zaltty.erp.dao.base.test.StandardRepositoryTest@19d7f6d]
java.lang.IllegalStateException: Failed to load ApplicationContext
	at org.springframework.test.context.cache.DefaultCacheAwareContextLoaderDelegate.loadContext(DefaultCacheAwareContextLoaderDelegate.java:124)
	at org.springframework.test.context.support.DefaultTestContext.getApplicationContext(DefaultTestContext.java:83)
	at org.springframework.test.context.support.DependencyInjectionTestExecutionListener.injectDependencies(DependencyInjectionTestExecutionListener.java:117)
	at org.springframework.test.context.support.DependencyInjectionTestExecutionListener.prepareTestInstance(DependencyInjectionTestExecutionListener.java:83)
	at org.springframework.test.context.TestContextManager.prepareTestInstance(TestContextManager.java:228)
	at org.springframework.test.context.junit4.SpringJUnit4ClassRunner.createTest(SpringJUnit4ClassRunner.java:230)
	at org.springframework.test.context.junit4.SpringJUnit4ClassRunner$1.runReflectiveCall(SpringJUnit4ClassRunner.java:289)
	at org.junit.internal.runners.model.ReflectiveCallable.run(ReflectiveCallable.java:12)
	at org.springframework.test.context.junit4.SpringJUnit4ClassRunner.methodBlock(SpringJUnit4ClassRunner.java:291)
	at org.springframework.test.context.junit4.SpringJUnit4ClassRunner.runChild(SpringJUnit4ClassRunner.java:249)
	at org.springframework.test.context.junit4.SpringJUnit4ClassRunner.runChild(SpringJUnit4ClassRunner.java:89)
	at org.junit.runners.ParentRunner$3.run(ParentRunner.java:238)
	at org.junit.runners.ParentRunner$1.schedule(ParentRunner.java:63)
	at org.junit.runners.ParentRunner.runChildren(ParentRunner.java:236)
	at org.junit.runners.ParentRunner.access$000(ParentRunner.java:53)
	at org.junit.runners.ParentRunner$2.evaluate(ParentRunner.java:229)
	at org.springframework.test.context.junit4.statements.RunBeforeTestClassCallbacks.evaluate(RunBeforeTestClassCallbacks.java:61)
	at org.springframework.test.context.junit4.statements.RunAfterTestClassCallbacks.evaluate(RunAfterTestClassCallbacks.java:70)
	at org.junit.runners.ParentRunner.run(ParentRunner.java:309)
	at org.springframework.test.context.junit4.SpringJUnit4ClassRunner.run(SpringJUnit4ClassRunner.java:193)
	at org.eclipse.jdt.internal.junit4.runner.JUnit4TestReference.run(JUnit4TestReference.java:86)
	at org.eclipse.jdt.internal.junit.runner.TestExecution.run(TestExecution.java:38)
	at org.eclipse.jdt.internal.junit.runner.RemoteTestRunner.runTests(RemoteTestRunner.java:459)
	at org.eclipse.jdt.internal.junit.runner.RemoteTestRunner.runTests(RemoteTestRunner.java:675)
	at org.eclipse.jdt.internal.junit.runner.RemoteTestRunner.run(RemoteTestRunner.java:382)
	at org.eclipse.jdt.internal.junit.runner.RemoteTestRunner.main(RemoteTestRunner.java:192)
Caused by: org.springframework.beans.factory.BeanDefinitionStoreException: IOException parsing XML document from class path resource [com/zaltty/erp/dao/base/test/calsspath:applicationContext.xml]; nested exception is java.io.FileNotFoundException: class path resource [com/zaltty/erp/dao/base/test/calsspath:applicationContext.xml] cannot be opened because it does not exist
	at org.springframework.beans.factory.xml.XmlBeanDefinitionReader.loadBeanDefinitions(XmlBeanDefinitionReader.java:344)
	at org.springframework.beans.factory.groovy.GroovyBeanDefinitionReader.loadBeanDefinitions(GroovyBeanDefinitionReader.java:237)
	at org.springframework.beans.factory.groovy.GroovyBeanDefinitionReader.loadBeanDefinitions(GroovyBeanDefinitionReader.java:221)
	at org.springframework.beans.factory.support.AbstractBeanDefinitionReader.loadBeanDefinitions(AbstractBeanDefinitionReader.java:181)
	at org.springframework.beans.factory.support.AbstractBeanDefinitionReader.loadBeanDefinitions(AbstractBeanDefinitionReader.java:217)
	at org.springframework.beans.factory.support.AbstractBeanDefinitionReader.loadBeanDefinitions(AbstractBeanDefinitionReader.java:188)
	at org.springframework.beans.factory.support.AbstractBeanDefinitionReader.loadBeanDefinitions(AbstractBeanDefinitionReader.java:252)
	at org.springframework.test.context.support.GenericGroovyXmlContextLoader.loadBeanDefinitions(GenericGroovyXmlContextLoader.java:49)
	at org.springframework.test.context.support.AbstractGenericContextLoader.loadContext(AbstractGenericContextLoader.java:122)
	at org.springframework.test.context.support.AbstractGenericContextLoader.loadContext(AbstractGenericContextLoader.java:60)
	at org.springframework.test.context.support.AbstractDelegatingSmartContextLoader.delegateLoading(AbstractDelegatingSmartContextLoader.java:109)
	at org.springframework.test.context.support.AbstractDelegatingSmartContextLoader.loadContext(AbstractDelegatingSmartContextLoader.java:261)
	at org.springframework.test.context.cache.DefaultCacheAwareContextLoaderDelegate.loadContextInternal(DefaultCacheAwareContextLoaderDelegate.java:98)
	at org.springframework.test.context.cache.DefaultCacheAwareContextLoaderDelegate.loadContext(DefaultCacheAwareContextLoaderDelegate.java:116)
	... 25 more
Caused by: java.io.FileNotFoundException: class path resource [com/zaltty/erp/dao/base/test/calsspath:applicationContext.xml] cannot be opened because it does not exist
	at org.springframework.core.io.ClassPathResource.getInputStream(ClassPathResource.java:172)
	at org.springframework.beans.factory.xml.XmlBeanDefinitionReader.loadBeanDefinitions(XmlBeanDefinitionReader.java:330)
	... 38 more
20:43:40,389  INFO DefaultTestContextBootstrapper:259 - Loaded default TestExecutionListener class names from location [META-INF/spring.factories]: [org.springframework.test.context.web.ServletTestExecutionListener, org.springframework.test.context.support.DirtiesContextBeforeModesTestExecutionListener, org.springframework.test.context.support.DependencyInjectionTestExecutionListener, org.springframework.test.context.support.DirtiesContextTestExecutionListener, org.springframework.test.context.transaction.TransactionalTestExecutionListener, org.springframework.test.context.jdbc.SqlScriptsTestExecutionListener]
20:43:40,412  INFO DefaultTestContextBootstrapper:185 - Using TestExecutionListeners: [org.springframework.test.context.web.ServletTestExecutionListener@14c7f77, org.springframework.test.context.support.DirtiesContextBeforeModesTestExecutionListener@1446579, org.springframework.test.context.support.DependencyInjectionTestExecutionListener@1621fe6, org.springframework.test.context.support.DirtiesContextTestExecutionListener@11c537f, org.springframework.test.context.transaction.TransactionalTestExecutionListener@adcae8, org.springframework.test.context.jdbc.SqlScriptsTestExecutionListener@1e4605c]
20:43:40,813  INFO XmlBeanDefinitionReader:317 - Loading XML bean definitions from class path resource [applicationContext.xml]
20:43:41,326  INFO GenericApplicationContext:578 - Refreshing org.springframework.context.support.GenericApplicationContext@8f6d64: startup date [Mon Mar 12 20:43:41 CST 2018]; root of context hierarchy
20:43:41,467  INFO AutowiredAnnotationBeanPostProcessor:153 - JSR-330 'javax.inject.Inject' annotation found and supported for autowiring
20:43:41,570  INFO MLog:80 - MLog clients using log4j logging.
20:43:41,983  INFO C3P0Registry:204 - Initializing c3p0-0.9.1.2 [built 21-May-2007 15:04:56; debug? true; trace: 10]
20:43:42,205  INFO LocalContainerEntityManagerFactoryBean:339 - Building JPA container EntityManagerFactory for persistence unit 'default'
20:43:42,205  WARN HibernatePersistence:41 - HHH015016: Encountered a deprecated javax.persistence.spi.PersistenceProvider [org.hibernate.ejb.HibernatePersistence]; use [org.hibernate.jpa.HibernatePersistenceProvider] instead.
20:43:42,217  INFO LogHelper:31 - HHH000204: Processing PersistenceUnitInfo [
	name: default
	...]
20:43:42,383  INFO Version:37 - HHH000412: Hibernate Core {5.0.7.Final}
20:43:42,387  INFO Environment:213 - HHH000206: hibernate.properties not found
20:43:42,389  INFO Environment:317 - HHH000021: Bytecode provider name : javassist
20:43:42,486  INFO Version:66 - HCANN000001: Hibernate Commons Annotations {5.0.1.Final}
20:43:42,760  INFO AbstractPoolBackedDataSource:462 - Initializing c3p0 pool... com.mchange.v2.c3p0.ComboPooledDataSource [ acquireIncrement -> 3, acquireRetryAttempts -> 30, acquireRetryDelay -> 1000, autoCommitOnClose -> false, automaticTestTable -> null, breakAfterAcquireFailure -> false, checkoutTimeout -> 0, connectionCustomizerClassName -> null, connectionTesterClassName -> com.mchange.v2.c3p0.impl.DefaultConnectionTester, dataSourceName -> 31sqdo9u7a2zlu1k4i3xi|4cc139, debugUnreturnedConnectionStackTraces -> false, description -> null, driverClass -> oracle.jdbc.driver.OracleDriver, factoryClassLocation -> null, forceIgnoreUnresolvedTransactions -> false, identityToken -> 31sqdo9u7a2zlu1k4i3xi|4cc139, idleConnectionTestPeriod -> 0, initialPoolSize -> 3, jdbcUrl -> jdbc:oracle:thin:@192.168.140.150:1521:ORCL, maxAdministrativeTaskTime -> 0, maxConnectionAge -> 0, maxIdleTime -> 0, maxIdleTimeExcessConnections -> 0, maxPoolSize -> 15, maxStatements -> 0, maxStatementsPerConnection -> 0, minPoolSize -> 3, numHelperThreads -> 3, numThreadsAwaitingCheckoutDefaultUser -> 0, preferredTestQuery -> null, properties -> {user=******, password=******}, propertyCycle -> 0, testConnectionOnCheckin -> false, testConnectionOnCheckout -> false, unreturnedConnectionTimeout -> 0, usesTraditionalReflectiveProxies -> false ]
20:43:42,993  INFO Dialect:156 - HHH000400: Using dialect: org.hibernate.dialect.Oracle10gDialect
20:43:43,110  INFO LobCreatorBuilderImpl:124 - HHH000424: Disabling contextual LOB creation as createClob() method threw error : java.lang.reflect.InvocationTargetException
20:43:43,923  INFO SchemaUpdate:105 - HHH000228: Running hbm2ddl schema update
20:43:44,825  INFO QueryTranslatorFactoryInitiator:47 - HHH000397: Using ASTQueryTranslatorFactory
20:43:45,013  INFO GenericApplicationContext:960 - Closing org.springframework.context.support.GenericApplicationContext@8f6d64: startup date [Mon Mar 12 20:43:41 CST 2018]; root of context hierarchy
20:43:45,014  INFO LocalContainerEntityManagerFactoryBean:462 - Closing JPA EntityManagerFactory for persistence unit 'default'
21:05:56,305  INFO DefaultTestContextBootstrapper:259 - Loaded default TestExecutionListener class names from location [META-INF/spring.factories]: [org.springframework.test.context.web.ServletTestExecutionListener, org.springframework.test.context.support.DirtiesContextBeforeModesTestExecutionListener, org.springframework.test.context.support.DependencyInjectionTestExecutionListener, org.springframework.test.context.support.DirtiesContextTestExecutionListener, org.springframework.test.context.transaction.TransactionalTestExecutionListener, org.springframework.test.context.jdbc.SqlScriptsTestExecutionListener]
21:05:56,330  INFO DefaultTestContextBootstrapper:185 - Using TestExecutionListeners: [org.springframework.test.context.web.ServletTestExecutionListener@11c537f, org.springframework.test.context.support.DirtiesContextBeforeModesTestExecutionListener@adcae8, org.springframework.test.context.support.DependencyInjectionTestExecutionListener@1e4605c, org.springframework.test.context.support.DirtiesContextTestExecutionListener@727896, org.springframework.test.context.transaction.TransactionalTestExecutionListener@14ace71, org.springframework.test.context.jdbc.SqlScriptsTestExecutionListener@376cc3]
21:05:56,716  INFO XmlBeanDefinitionReader:317 - Loading XML bean definitions from class path resource [applicationContext.xml]
21:05:57,077  INFO GenericApplicationContext:578 - Refreshing org.springframework.context.support.GenericApplicationContext@2a5a5e: startup date [Mon Mar 12 21:05:57 CST 2018]; root of context hierarchy
21:05:57,214  INFO AutowiredAnnotationBeanPostProcessor:153 - JSR-330 'javax.inject.Inject' annotation found and supported for autowiring
21:05:57,351  INFO MLog:80 - MLog clients using log4j logging.
21:05:57,744  INFO C3P0Registry:204 - Initializing c3p0-0.9.1.2 [built 21-May-2007 15:04:56; debug? true; trace: 10]
21:05:57,912  INFO LocalContainerEntityManagerFactoryBean:339 - Building JPA container EntityManagerFactory for persistence unit 'default'
21:05:57,913  WARN HibernatePersistence:41 - HHH015016: Encountered a deprecated javax.persistence.spi.PersistenceProvider [org.hibernate.ejb.HibernatePersistence]; use [org.hibernate.jpa.HibernatePersistenceProvider] instead.
21:05:57,922  INFO LogHelper:31 - HHH000204: Processing PersistenceUnitInfo [
	name: default
	...]
21:05:58,042  INFO Version:37 - HHH000412: Hibernate Core {5.0.7.Final}
21:05:58,045  INFO Environment:213 - HHH000206: hibernate.properties not found
21:05:58,047  INFO Environment:317 - HHH000021: Bytecode provider name : javassist
21:05:58,117  INFO Version:66 - HCANN000001: Hibernate Commons Annotations {5.0.1.Final}
21:05:58,333  INFO AbstractPoolBackedDataSource:462 - Initializing c3p0 pool... com.mchange.v2.c3p0.ComboPooledDataSource [ acquireIncrement -> 3, acquireRetryAttempts -> 30, acquireRetryDelay -> 1000, autoCommitOnClose -> false, automaticTestTable -> null, breakAfterAcquireFailure -> false, checkoutTimeout -> 0, connectionCustomizerClassName -> null, connectionTesterClassName -> com.mchange.v2.c3p0.impl.DefaultConnectionTester, dataSourceName -> 31sqdo9u7avmalxgxmhm|93f60, debugUnreturnedConnectionStackTraces -> false, description -> null, driverClass -> oracle.jdbc.driver.OracleDriver, factoryClassLocation -> null, forceIgnoreUnresolvedTransactions -> false, identityToken -> 31sqdo9u7avmalxgxmhm|93f60, idleConnectionTestPeriod -> 0, initialPoolSize -> 3, jdbcUrl -> jdbc:oracle:thin:@192.168.140.150:1521:ORCL, maxAdministrativeTaskTime -> 0, maxConnectionAge -> 0, maxIdleTime -> 0, maxIdleTimeExcessConnections -> 0, maxPoolSize -> 15, maxStatements -> 0, maxStatementsPerConnection -> 0, minPoolSize -> 3, numHelperThreads -> 3, numThreadsAwaitingCheckoutDefaultUser -> 0, preferredTestQuery -> null, properties -> {user=******, password=******}, propertyCycle -> 0, testConnectionOnCheckin -> false, testConnectionOnCheckout -> false, unreturnedConnectionTimeout -> 0, usesTraditionalReflectiveProxies -> false ]
21:05:58,536  INFO Dialect:156 - HHH000400: Using dialect: org.hibernate.dialect.Oracle10gDialect
21:05:58,657  INFO LobCreatorBuilderImpl:124 - HHH000424: Disabling contextual LOB creation as createClob() method threw error : java.lang.reflect.InvocationTargetException
21:05:59,396  INFO SchemaUpdate:105 - HHH000228: Running hbm2ddl schema update
21:06:02,287  INFO GenericApplicationContext:960 - Closing org.springframework.context.support.GenericApplicationContext@2a5a5e: startup date [Mon Mar 12 21:05:57 CST 2018]; root of context hierarchy
21:06:02,288  INFO LocalContainerEntityManagerFactoryBean:462 - Closing JPA EntityManagerFactory for persistence unit 'default'
21:16:44,151  INFO DefaultTestContextBootstrapper:259 - Loaded default TestExecutionListener class names from location [META-INF/spring.factories]: [org.springframework.test.context.web.ServletTestExecutionListener, org.springframework.test.context.support.DirtiesContextBeforeModesTestExecutionListener, org.springframework.test.context.support.DependencyInjectionTestExecutionListener, org.springframework.test.context.support.DirtiesContextTestExecutionListener, org.springframework.test.context.transaction.TransactionalTestExecutionListener, org.springframework.test.context.jdbc.SqlScriptsTestExecutionListener]
21:16:44,174  INFO DefaultTestContextBootstrapper:185 - Using TestExecutionListeners: [org.springframework.test.context.web.ServletTestExecutionListener@727896, org.springframework.test.context.support.DirtiesContextBeforeModesTestExecutionListener@14ace71, org.springframework.test.context.support.DependencyInjectionTestExecutionListener@376cc3, org.springframework.test.context.support.DirtiesContextTestExecutionListener@c5aba9, org.springframework.test.context.transaction.TransactionalTestExecutionListener@188ebd2, org.springframework.test.context.jdbc.SqlScriptsTestExecutionListener@3252d6]
21:16:44,562  INFO XmlBeanDefinitionReader:317 - Loading XML bean definitions from class path resource [applicationContext.xml]
21:16:44,924  INFO GenericApplicationContext:578 - Refreshing org.springframework.context.support.GenericApplicationContext@628e42: startup date [Mon Mar 12 21:16:44 CST 2018]; root of context hierarchy
21:16:45,034  INFO AutowiredAnnotationBeanPostProcessor:153 - JSR-330 'javax.inject.Inject' annotation found and supported for autowiring
21:16:45,131  INFO MLog:80 - MLog clients using log4j logging.
21:16:45,539  INFO C3P0Registry:204 - Initializing c3p0-0.9.1.2 [built 21-May-2007 15:04:56; debug? true; trace: 10]
21:16:45,712  INFO LocalContainerEntityManagerFactoryBean:339 - Building JPA container EntityManagerFactory for persistence unit 'default'
21:16:45,712  WARN HibernatePersistence:41 - HHH015016: Encountered a deprecated javax.persistence.spi.PersistenceProvider [org.hibernate.ejb.HibernatePersistence]; use [org.hibernate.jpa.HibernatePersistenceProvider] instead.
21:16:45,721  INFO LogHelper:31 - HHH000204: Processing PersistenceUnitInfo [
	name: default
	...]
21:16:45,843  INFO Version:37 - HHH000412: Hibernate Core {5.0.7.Final}
21:16:45,846  INFO Environment:213 - HHH000206: hibernate.properties not found
21:16:45,848  INFO Environment:317 - HHH000021: Bytecode provider name : javassist
21:16:45,919  INFO Version:66 - HCANN000001: Hibernate Commons Annotations {5.0.1.Final}
21:16:46,125  INFO AbstractPoolBackedDataSource:462 - Initializing c3p0 pool... com.mchange.v2.c3p0.ComboPooledDataSource [ acquireIncrement -> 3, acquireRetryAttempts -> 30, acquireRetryDelay -> 1000, autoCommitOnClose -> false, automaticTestTable -> null, breakAfterAcquireFailure -> false, checkoutTimeout -> 0, connectionCustomizerClassName -> null, connectionTesterClassName -> com.mchange.v2.c3p0.impl.DefaultConnectionTester, dataSourceName -> 31sqdo9u7b9i4k1xq1jwv|6adef3, debugUnreturnedConnectionStackTraces -> false, description -> null, driverClass -> oracle.jdbc.driver.OracleDriver, factoryClassLocation -> null, forceIgnoreUnresolvedTransactions -> false, identityToken -> 31sqdo9u7b9i4k1xq1jwv|6adef3, idleConnectionTestPeriod -> 0, initialPoolSize -> 3, jdbcUrl -> jdbc:oracle:thin:@192.168.140.150:1521:ORCL, maxAdministrativeTaskTime -> 0, maxConnectionAge -> 0, maxIdleTime -> 0, maxIdleTimeExcessConnections -> 0, maxPoolSize -> 15, maxStatements -> 0, maxStatementsPerConnection -> 0, minPoolSize -> 3, numHelperThreads -> 3, numThreadsAwaitingCheckoutDefaultUser -> 0, preferredTestQuery -> null, properties -> {user=******, password=******}, propertyCycle -> 0, testConnectionOnCheckin -> false, testConnectionOnCheckout -> false, unreturnedConnectionTimeout -> 0, usesTraditionalReflectiveProxies -> false ]
21:16:46,325  INFO Dialect:156 - HHH000400: Using dialect: org.hibernate.dialect.Oracle10gDialect
21:16:46,438  INFO LobCreatorBuilderImpl:124 - HHH000424: Disabling contextual LOB creation as createClob() method threw error : java.lang.reflect.InvocationTargetException
21:16:47,168  INFO SchemaUpdate:105 - HHH000228: Running hbm2ddl schema update
21:16:50,110  INFO GenericApplicationContext:960 - Closing org.springframework.context.support.GenericApplicationContext@628e42: startup date [Mon Mar 12 21:16:44 CST 2018]; root of context hierarchy
21:16:50,112  INFO LocalContainerEntityManagerFactoryBean:462 - Closing JPA EntityManagerFactory for persistence unit 'default'
21:26:38,401  INFO DefaultTestContextBootstrapper:259 - Loaded default TestExecutionListener class names from location [META-INF/spring.factories]: [org.springframework.test.context.web.ServletTestExecutionListener, org.springframework.test.context.support.DirtiesContextBeforeModesTestExecutionListener, org.springframework.test.context.support.DependencyInjectionTestExecutionListener, org.springframework.test.context.support.DirtiesContextTestExecutionListener, org.springframework.test.context.transaction.TransactionalTestExecutionListener, org.springframework.test.context.jdbc.SqlScriptsTestExecutionListener]
21:26:38,426  INFO DefaultTestContextBootstrapper:185 - Using TestExecutionListeners: [org.springframework.test.context.web.ServletTestExecutionListener@14ace71, org.springframework.test.context.support.DirtiesContextBeforeModesTestExecutionListener@376cc3, org.springframework.test.context.support.DependencyInjectionTestExecutionListener@c5aba9, org.springframework.test.context.support.DirtiesContextTestExecutionListener@188ebd2, org.springframework.test.context.transaction.TransactionalTestExecutionListener@3252d6, org.springframework.test.context.jdbc.SqlScriptsTestExecutionListener@1dc818d]
21:26:38,869  INFO XmlBeanDefinitionReader:317 - Loading XML bean definitions from class path resource [applicationContext.xml]
21:26:39,236  INFO GenericApplicationContext:578 - Refreshing org.springframework.context.support.GenericApplicationContext@69cfe0: startup date [Mon Mar 12 21:26:39 CST 2018]; root of context hierarchy
21:26:39,341  INFO AutowiredAnnotationBeanPostProcessor:153 - JSR-330 'javax.inject.Inject' annotation found and supported for autowiring
21:26:39,434  INFO MLog:80 - MLog clients using log4j logging.
21:26:39,825  INFO C3P0Registry:204 - Initializing c3p0-0.9.1.2 [built 21-May-2007 15:04:56; debug? true; trace: 10]
21:26:39,996  INFO LocalContainerEntityManagerFactoryBean:339 - Building JPA container EntityManagerFactory for persistence unit 'default'
21:26:39,997  WARN HibernatePersistence:41 - HHH015016: Encountered a deprecated javax.persistence.spi.PersistenceProvider [org.hibernate.ejb.HibernatePersistence]; use [org.hibernate.jpa.HibernatePersistenceProvider] instead.
21:26:40,006  INFO LogHelper:31 - HHH000204: Processing PersistenceUnitInfo [
	name: default
	...]
21:26:40,127  INFO Version:37 - HHH000412: Hibernate Core {5.0.7.Final}
21:26:40,131  INFO Environment:213 - HHH000206: hibernate.properties not found
21:26:40,132  INFO Environment:317 - HHH000021: Bytecode provider name : javassist
21:26:40,201  INFO Version:66 - HCANN000001: Hibernate Commons Annotations {5.0.1.Final}
21:26:40,406  INFO AbstractPoolBackedDataSource:462 - Initializing c3p0 pool... com.mchange.v2.c3p0.ComboPooledDataSource [ acquireIncrement -> 3, acquireRetryAttempts -> 30, acquireRetryDelay -> 1000, autoCommitOnClose -> false, automaticTestTable -> null, breakAfterAcquireFailure -> false, checkoutTimeout -> 0, connectionCustomizerClassName -> null, connectionTesterClassName -> com.mchange.v2.c3p0.impl.DefaultConnectionTester, dataSourceName -> 31sqdo9u7bm8oymgy0sh|53580c, debugUnreturnedConnectionStackTraces -> false, description -> null, driverClass -> oracle.jdbc.driver.OracleDriver, factoryClassLocation -> null, forceIgnoreUnresolvedTransactions -> false, identityToken -> 31sqdo9u7bm8oymgy0sh|53580c, idleConnectionTestPeriod -> 0, initialPoolSize -> 3, jdbcUrl -> jdbc:oracle:thin:@192.168.140.150:1521:ORCL, maxAdministrativeTaskTime -> 0, maxConnectionAge -> 0, maxIdleTime -> 0, maxIdleTimeExcessConnections -> 0, maxPoolSize -> 15, maxStatements -> 0, maxStatementsPerConnection -> 0, minPoolSize -> 3, numHelperThreads -> 3, numThreadsAwaitingCheckoutDefaultUser -> 0, preferredTestQuery -> null, properties -> {user=******, password=******}, propertyCycle -> 0, testConnectionOnCheckin -> false, testConnectionOnCheckout -> false, unreturnedConnectionTimeout -> 0, usesTraditionalReflectiveProxies -> false ]
21:26:40,601  INFO Dialect:156 - HHH000400: Using dialect: org.hibernate.dialect.Oracle10gDialect
21:26:40,711  INFO LobCreatorBuilderImpl:124 - HHH000424: Disabling contextual LOB creation as createClob() method threw error : java.lang.reflect.InvocationTargetException
21:26:41,448  INFO SchemaUpdate:105 - HHH000228: Running hbm2ddl schema update
21:26:44,310  INFO GenericApplicationContext:960 - Closing org.springframework.context.support.GenericApplicationContext@69cfe0: startup date [Mon Mar 12 21:26:39 CST 2018]; root of context hierarchy
21:26:44,311  INFO LocalContainerEntityManagerFactoryBean:462 - Closing JPA EntityManagerFactory for persistence unit 'default'
21:28:41,127  INFO DefaultTestContextBootstrapper:259 - Loaded default TestExecutionListener class names from location [META-INF/spring.factories]: [org.springframework.test.context.web.ServletTestExecutionListener, org.springframework.test.context.support.DirtiesContextBeforeModesTestExecutionListener, org.springframework.test.context.support.DependencyInjectionTestExecutionListener, org.springframework.test.context.support.DirtiesContextTestExecutionListener, org.springframework.test.context.transaction.TransactionalTestExecutionListener, org.springframework.test.context.jdbc.SqlScriptsTestExecutionListener]
21:28:41,150  INFO DefaultTestContextBootstrapper:185 - Using TestExecutionListeners: [org.springframework.test.context.web.ServletTestExecutionListener@376cc3, org.springframework.test.context.support.DirtiesContextBeforeModesTestExecutionListener@c5aba9, org.springframework.test.context.support.DependencyInjectionTestExecutionListener@188ebd2, org.springframework.test.context.support.DirtiesContextTestExecutionListener@3252d6, org.springframework.test.context.transaction.TransactionalTestExecutionListener@1dc818d, org.springframework.test.context.jdbc.SqlScriptsTestExecutionListener@1bd8c6e]
21:28:41,583  INFO XmlBeanDefinitionReader:317 - Loading XML bean definitions from class path resource [applicationContext.xml]
21:28:41,947  INFO GenericApplicationContext:578 - Refreshing org.springframework.context.support.GenericApplicationContext@ceb8e2: startup date [Mon Mar 12 21:28:41 CST 2018]; root of context hierarchy
21:28:42,055  INFO AutowiredAnnotationBeanPostProcessor:153 - JSR-330 'javax.inject.Inject' annotation found and supported for autowiring
21:28:42,147  INFO MLog:80 - MLog clients using log4j logging.
21:28:42,540  INFO C3P0Registry:204 - Initializing c3p0-0.9.1.2 [built 21-May-2007 15:04:56; debug? true; trace: 10]
21:28:42,706  INFO LocalContainerEntityManagerFactoryBean:339 - Building JPA container EntityManagerFactory for persistence unit 'default'
21:28:42,707  WARN HibernatePersistence:41 - HHH015016: Encountered a deprecated javax.persistence.spi.PersistenceProvider [org.hibernate.ejb.HibernatePersistence]; use [org.hibernate.jpa.HibernatePersistenceProvider] instead.
21:28:42,716  INFO LogHelper:31 - HHH000204: Processing PersistenceUnitInfo [
	name: default
	...]
21:28:42,836  INFO Version:37 - HHH000412: Hibernate Core {5.0.7.Final}
21:28:42,841  INFO Environment:213 - HHH000206: hibernate.properties not found
21:28:42,843  INFO Environment:317 - HHH000021: Bytecode provider name : javassist
21:28:42,911  INFO Version:66 - HCANN000001: Hibernate Commons Annotations {5.0.1.Final}
21:28:43,118  INFO AbstractPoolBackedDataSource:462 - Initializing c3p0 pool... com.mchange.v2.c3p0.ComboPooledDataSource [ acquireIncrement -> 3, acquireRetryAttempts -> 30, acquireRetryDelay -> 1000, autoCommitOnClose -> false, automaticTestTable -> null, breakAfterAcquireFailure -> false, checkoutTimeout -> 0, connectionCustomizerClassName -> null, connectionTesterClassName -> com.mchange.v2.c3p0.impl.DefaultConnectionTester, dataSourceName -> 31sqdo9u7bovdkddbqio|17a5e49, debugUnreturnedConnectionStackTraces -> false, description -> null, driverClass -> oracle.jdbc.driver.OracleDriver, factoryClassLocation -> null, forceIgnoreUnresolvedTransactions -> false, identityToken -> 31sqdo9u7bovdkddbqio|17a5e49, idleConnectionTestPeriod -> 0, initialPoolSize -> 3, jdbcUrl -> jdbc:oracle:thin:@192.168.140.150:1521:ORCL, maxAdministrativeTaskTime -> 0, maxConnectionAge -> 0, maxIdleTime -> 0, maxIdleTimeExcessConnections -> 0, maxPoolSize -> 15, maxStatements -> 0, maxStatementsPerConnection -> 0, minPoolSize -> 3, numHelperThreads -> 3, numThreadsAwaitingCheckoutDefaultUser -> 0, preferredTestQuery -> null, properties -> {user=******, password=******}, propertyCycle -> 0, testConnectionOnCheckin -> false, testConnectionOnCheckout -> false, unreturnedConnectionTimeout -> 0, usesTraditionalReflectiveProxies -> false ]
21:28:43,327  INFO Dialect:156 - HHH000400: Using dialect: org.hibernate.dialect.Oracle10gDialect
21:28:43,438  INFO LobCreatorBuilderImpl:124 - HHH000424: Disabling contextual LOB creation as createClob() method threw error : java.lang.reflect.InvocationTargetException
21:28:44,199  INFO SchemaUpdate:105 - HHH000228: Running hbm2ddl schema update
21:28:45,175  INFO QueryTranslatorFactoryInitiator:47 - HHH000397: Using ASTQueryTranslatorFactory
21:28:45,402  INFO GenericApplicationContext:960 - Closing org.springframework.context.support.GenericApplicationContext@ceb8e2: startup date [Mon Mar 12 21:28:41 CST 2018]; root of context hierarchy
21:28:45,403  INFO LocalContainerEntityManagerFactoryBean:462 - Closing JPA EntityManagerFactory for persistence unit 'default'
21:29:15,820  INFO DefaultTestContextBootstrapper:259 - Loaded default TestExecutionListener class names from location [META-INF/spring.factories]: [org.springframework.test.context.web.ServletTestExecutionListener, org.springframework.test.context.support.DirtiesContextBeforeModesTestExecutionListener, org.springframework.test.context.support.DependencyInjectionTestExecutionListener, org.springframework.test.context.support.DirtiesContextTestExecutionListener, org.springframework.test.context.transaction.TransactionalTestExecutionListener, org.springframework.test.context.jdbc.SqlScriptsTestExecutionListener]
21:29:15,843  INFO DefaultTestContextBootstrapper:185 - Using TestExecutionListeners: [org.springframework.test.context.web.ServletTestExecutionListener@376cc3, org.springframework.test.context.support.DirtiesContextBeforeModesTestExecutionListener@c5aba9, org.springframework.test.context.support.DependencyInjectionTestExecutionListener@188ebd2, org.springframework.test.context.support.DirtiesContextTestExecutionListener@3252d6, org.springframework.test.context.transaction.TransactionalTestExecutionListener@1dc818d, org.springframework.test.context.jdbc.SqlScriptsTestExecutionListener@1bd8c6e]
21:29:16,276  INFO XmlBeanDefinitionReader:317 - Loading XML bean definitions from class path resource [applicationContext.xml]
21:29:16,687  INFO GenericApplicationContext:578 - Refreshing org.springframework.context.support.GenericApplicationContext@ceb8e2: startup date [Mon Mar 12 21:29:16 CST 2018]; root of context hierarchy
21:29:16,828  INFO AutowiredAnnotationBeanPostProcessor:153 - JSR-330 'javax.inject.Inject' annotation found and supported for autowiring
21:29:16,930  INFO MLog:80 - MLog clients using log4j logging.
21:29:17,322  INFO C3P0Registry:204 - Initializing c3p0-0.9.1.2 [built 21-May-2007 15:04:56; debug? true; trace: 10]
21:29:17,500  INFO LocalContainerEntityManagerFactoryBean:339 - Building JPA container EntityManagerFactory for persistence unit 'default'
21:29:17,501  WARN HibernatePersistence:41 - HHH015016: Encountered a deprecated javax.persistence.spi.PersistenceProvider [org.hibernate.ejb.HibernatePersistence]; use [org.hibernate.jpa.HibernatePersistenceProvider] instead.
21:29:17,513  INFO LogHelper:31 - HHH000204: Processing PersistenceUnitInfo [
	name: default
	...]
21:29:17,630  INFO Version:37 - HHH000412: Hibernate Core {5.0.7.Final}
21:29:17,634  INFO Environment:213 - HHH000206: hibernate.properties not found
21:29:17,636  INFO Environment:317 - HHH000021: Bytecode provider name : javassist
21:29:17,704  INFO Version:66 - HCANN000001: Hibernate Commons Annotations {5.0.1.Final}
21:29:17,910  INFO AbstractPoolBackedDataSource:462 - Initializing c3p0 pool... com.mchange.v2.c3p0.ComboPooledDataSource [ acquireIncrement -> 3, acquireRetryAttempts -> 30, acquireRetryDelay -> 1000, autoCommitOnClose -> false, automaticTestTable -> null, breakAfterAcquireFailure -> false, checkoutTimeout -> 0, connectionCustomizerClassName -> null, connectionTesterClassName -> com.mchange.v2.c3p0.impl.DefaultConnectionTester, dataSourceName -> 31sqdo9u7bpm7swjqfzs|17a5e49, debugUnreturnedConnectionStackTraces -> false, description -> null, driverClass -> oracle.jdbc.driver.OracleDriver, factoryClassLocation -> null, forceIgnoreUnresolvedTransactions -> false, identityToken -> 31sqdo9u7bpm7swjqfzs|17a5e49, idleConnectionTestPeriod -> 0, initialPoolSize -> 3, jdbcUrl -> jdbc:oracle:thin:@192.168.140.150:1521:ORCL, maxAdministrativeTaskTime -> 0, maxConnectionAge -> 0, maxIdleTime -> 0, maxIdleTimeExcessConnections -> 0, maxPoolSize -> 15, maxStatements -> 0, maxStatementsPerConnection -> 0, minPoolSize -> 3, numHelperThreads -> 3, numThreadsAwaitingCheckoutDefaultUser -> 0, preferredTestQuery -> null, properties -> {user=******, password=******}, propertyCycle -> 0, testConnectionOnCheckin -> false, testConnectionOnCheckout -> false, unreturnedConnectionTimeout -> 0, usesTraditionalReflectiveProxies -> false ]
21:29:18,121  INFO Dialect:156 - HHH000400: Using dialect: org.hibernate.dialect.Oracle10gDialect
21:29:18,264  INFO LobCreatorBuilderImpl:124 - HHH000424: Disabling contextual LOB creation as createClob() method threw error : java.lang.reflect.InvocationTargetException
21:29:19,120  INFO SchemaUpdate:105 - HHH000228: Running hbm2ddl schema update
21:29:20,158  INFO GenericApplicationContext:960 - Closing org.springframework.context.support.GenericApplicationContext@ceb8e2: startup date [Mon Mar 12 21:29:16 CST 2018]; root of context hierarchy
21:29:20,159  INFO LocalContainerEntityManagerFactoryBean:462 - Closing JPA EntityManagerFactory for persistence unit 'default'
21:30:24,785  INFO DefaultTestContextBootstrapper:259 - Loaded default TestExecutionListener class names from location [META-INF/spring.factories]: [org.springframework.test.context.web.ServletTestExecutionListener, org.springframework.test.context.support.DirtiesContextBeforeModesTestExecutionListener, org.springframework.test.context.support.DependencyInjectionTestExecutionListener, org.springframework.test.context.support.DirtiesContextTestExecutionListener, org.springframework.test.context.transaction.TransactionalTestExecutionListener, org.springframework.test.context.jdbc.SqlScriptsTestExecutionListener]
21:30:24,807  INFO DefaultTestContextBootstrapper:185 - Using TestExecutionListeners: [org.springframework.test.context.web.ServletTestExecutionListener@3252d6, org.springframework.test.context.support.DirtiesContextBeforeModesTestExecutionListener@1dc818d, org.springframework.test.context.support.DependencyInjectionTestExecutionListener@1bd8c6e, org.springframework.test.context.support.DirtiesContextTestExecutionListener@14ebadd, org.springframework.test.context.transaction.TransactionalTestExecutionListener@1ce0e18, org.springframework.test.context.jdbc.SqlScriptsTestExecutionListener@ff7cd8]
21:30:25,227  INFO XmlBeanDefinitionReader:317 - Loading XML bean definitions from class path resource [applicationContext.xml]
21:30:25,592  INFO GenericApplicationContext:578 - Refreshing org.springframework.context.support.GenericApplicationContext@1b4de03: startup date [Mon Mar 12 21:30:25 CST 2018]; root of context hierarchy
21:30:25,696  INFO AutowiredAnnotationBeanPostProcessor:153 - JSR-330 'javax.inject.Inject' annotation found and supported for autowiring
21:30:25,798  INFO MLog:80 - MLog clients using log4j logging.
21:30:26,209  INFO C3P0Registry:204 - Initializing c3p0-0.9.1.2 [built 21-May-2007 15:04:56; debug? true; trace: 10]
21:30:26,379  INFO LocalContainerEntityManagerFactoryBean:339 - Building JPA container EntityManagerFactory for persistence unit 'default'
21:30:26,379  WARN HibernatePersistence:41 - HHH015016: Encountered a deprecated javax.persistence.spi.PersistenceProvider [org.hibernate.ejb.HibernatePersistence]; use [org.hibernate.jpa.HibernatePersistenceProvider] instead.
21:30:26,388  INFO LogHelper:31 - HHH000204: Processing PersistenceUnitInfo [
	name: default
	...]
21:30:26,517  INFO Version:37 - HHH000412: Hibernate Core {5.0.7.Final}
21:30:26,521  INFO Environment:213 - HHH000206: hibernate.properties not found
21:30:26,522  INFO Environment:317 - HHH000021: Bytecode provider name : javassist
21:30:26,593  INFO Version:66 - HCANN000001: Hibernate Commons Annotations {5.0.1.Final}
21:30:26,800  INFO AbstractPoolBackedDataSource:462 - Initializing c3p0 pool... com.mchange.v2.c3p0.ComboPooledDataSource [ acquireIncrement -> 3, acquireRetryAttempts -> 30, acquireRetryDelay -> 1000, autoCommitOnClose -> false, automaticTestTable -> null, breakAfterAcquireFailure -> false, checkoutTimeout -> 0, connectionCustomizerClassName -> null, connectionTesterClassName -> com.mchange.v2.c3p0.impl.DefaultConnectionTester, dataSourceName -> 31sqdo9u7br3cxh31je|c5d117, debugUnreturnedConnectionStackTraces -> false, description -> null, driverClass -> oracle.jdbc.driver.OracleDriver, factoryClassLocation -> null, forceIgnoreUnresolvedTransactions -> false, identityToken -> 31sqdo9u7br3cxh31je|c5d117, idleConnectionTestPeriod -> 0, initialPoolSize -> 3, jdbcUrl -> jdbc:oracle:thin:@192.168.140.150:1521:ORCL, maxAdministrativeTaskTime -> 0, maxConnectionAge -> 0, maxIdleTime -> 0, maxIdleTimeExcessConnections -> 0, maxPoolSize -> 15, maxStatements -> 0, maxStatementsPerConnection -> 0, minPoolSize -> 3, numHelperThreads -> 3, numThreadsAwaitingCheckoutDefaultUser -> 0, preferredTestQuery -> null, properties -> {user=******, password=******}, propertyCycle -> 0, testConnectionOnCheckin -> false, testConnectionOnCheckout -> false, unreturnedConnectionTimeout -> 0, usesTraditionalReflectiveProxies -> false ]
21:30:27,006  INFO Dialect:156 - HHH000400: Using dialect: org.hibernate.dialect.Oracle10gDialect
21:30:27,118  INFO LobCreatorBuilderImpl:124 - HHH000424: Disabling contextual LOB creation as createClob() method threw error : java.lang.reflect.InvocationTargetException
21:30:27,856  INFO SchemaUpdate:105 - HHH000228: Running hbm2ddl schema update
21:30:28,843  INFO QueryTranslatorFactoryInitiator:47 - HHH000397: Using ASTQueryTranslatorFactory
21:30:29,069  INFO GenericApplicationContext:960 - Closing org.springframework.context.support.GenericApplicationContext@1b4de03: startup date [Mon Mar 12 21:30:25 CST 2018]; root of context hierarchy
21:30:29,071  INFO LocalContainerEntityManagerFactoryBean:462 - Closing JPA EntityManagerFactory for persistence unit 'default'
21:30:53,979  INFO DefaultTestContextBootstrapper:259 - Loaded default TestExecutionListener class names from location [META-INF/spring.factories]: [org.springframework.test.context.web.ServletTestExecutionListener, org.springframework.test.context.support.DirtiesContextBeforeModesTestExecutionListener, org.springframework.test.context.support.DependencyInjectionTestExecutionListener, org.springframework.test.context.support.DirtiesContextTestExecutionListener, org.springframework.test.context.transaction.TransactionalTestExecutionListener, org.springframework.test.context.jdbc.SqlScriptsTestExecutionListener]
21:30:54,001  INFO DefaultTestContextBootstrapper:185 - Using TestExecutionListeners: [org.springframework.test.context.web.ServletTestExecutionListener@3252d6, org.springframework.test.context.support.DirtiesContextBeforeModesTestExecutionListener@1dc818d, org.springframework.test.context.support.DependencyInjectionTestExecutionListener@1bd8c6e, org.springframework.test.context.support.DirtiesContextTestExecutionListener@14ebadd, org.springframework.test.context.transaction.TransactionalTestExecutionListener@1ce0e18, org.springframework.test.context.jdbc.SqlScriptsTestExecutionListener@ff7cd8]
21:30:54,428  INFO XmlBeanDefinitionReader:317 - Loading XML bean definitions from class path resource [applicationContext.xml]
21:30:54,790  INFO GenericApplicationContext:578 - Refreshing org.springframework.context.support.GenericApplicationContext@1b4de03: startup date [Mon Mar 12 21:30:54 CST 2018]; root of context hierarchy
21:30:54,893  INFO AutowiredAnnotationBeanPostProcessor:153 - JSR-330 'javax.inject.Inject' annotation found and supported for autowiring
21:30:54,984  INFO MLog:80 - MLog clients using log4j logging.
21:30:55,365  INFO C3P0Registry:204 - Initializing c3p0-0.9.1.2 [built 21-May-2007 15:04:56; debug? true; trace: 10]
21:30:55,542  INFO LocalContainerEntityManagerFactoryBean:339 - Building JPA container EntityManagerFactory for persistence unit 'default'
21:30:55,542  WARN HibernatePersistence:41 - HHH015016: Encountered a deprecated javax.persistence.spi.PersistenceProvider [org.hibernate.ejb.HibernatePersistence]; use [org.hibernate.jpa.HibernatePersistenceProvider] instead.
21:30:55,550  INFO LogHelper:31 - HHH000204: Processing PersistenceUnitInfo [
	name: default
	...]
21:30:55,670  INFO Version:37 - HHH000412: Hibernate Core {5.0.7.Final}
21:30:55,674  INFO Environment:213 - HHH000206: hibernate.properties not found
21:30:55,675  INFO Environment:317 - HHH000021: Bytecode provider name : javassist
21:30:55,746  INFO Version:66 - HCANN000001: Hibernate Commons Annotations {5.0.1.Final}
21:30:55,953  INFO AbstractPoolBackedDataSource:462 - Initializing c3p0 pool... com.mchange.v2.c3p0.ComboPooledDataSource [ acquireIncrement -> 3, acquireRetryAttempts -> 30, acquireRetryDelay -> 1000, autoCommitOnClose -> false, automaticTestTable -> null, breakAfterAcquireFailure -> false, checkoutTimeout -> 0, connectionCustomizerClassName -> null, connectionTesterClassName -> com.mchange.v2.c3p0.impl.DefaultConnectionTester, dataSourceName -> 31sqdo9u7brpvj1oi8jza|c5d117, debugUnreturnedConnectionStackTraces -> false, description -> null, driverClass -> oracle.jdbc.driver.OracleDriver, factoryClassLocation -> null, forceIgnoreUnresolvedTransactions -> false, identityToken -> 31sqdo9u7brpvj1oi8jza|c5d117, idleConnectionTestPeriod -> 0, initialPoolSize -> 3, jdbcUrl -> jdbc:oracle:thin:@192.168.140.150:1521:ORCL, maxAdministrativeTaskTime -> 0, maxConnectionAge -> 0, maxIdleTime -> 0, maxIdleTimeExcessConnections -> 0, maxPoolSize -> 15, maxStatements -> 0, maxStatementsPerConnection -> 0, minPoolSize -> 3, numHelperThreads -> 3, numThreadsAwaitingCheckoutDefaultUser -> 0, preferredTestQuery -> null, properties -> {user=******, password=******}, propertyCycle -> 0, testConnectionOnCheckin -> false, testConnectionOnCheckout -> false, unreturnedConnectionTimeout -> 0, usesTraditionalReflectiveProxies -> false ]
21:30:56,159  INFO Dialect:156 - HHH000400: Using dialect: org.hibernate.dialect.Oracle10gDialect
21:30:56,271  INFO LobCreatorBuilderImpl:124 - HHH000424: Disabling contextual LOB creation as createClob() method threw error : java.lang.reflect.InvocationTargetException
21:30:57,001  INFO SchemaUpdate:105 - HHH000228: Running hbm2ddl schema update
21:30:57,889  WARN GenericApplicationContext:546 - Exception encountered during context initialization - cancelling refresh attempt: org.springframework.beans.factory.BeanCreationException: Error creating bean with name 'standardRepository': Invocation of init method failed; nested exception is org.springframework.data.mapping.PropertyReferenceException: No property namelike found for type Standard!
21:30:57,890  INFO LocalContainerEntityManagerFactoryBean:462 - Closing JPA EntityManagerFactory for persistence unit 'default'
21:30:57,892 ERROR TestContextManager:231 - Caught exception while allowing TestExecutionListener [org.springframework.test.context.support.DependencyInjectionTestExecutionListener@1bd8c6e] to prepare test instance [com.zaltty.erp.dao.base.test.StandardRepositoryTest@2830f4]
java.lang.IllegalStateException: Failed to load ApplicationContext
	at org.springframework.test.context.cache.DefaultCacheAwareContextLoaderDelegate.loadContext(DefaultCacheAwareContextLoaderDelegate.java:124)
	at org.springframework.test.context.support.DefaultTestContext.getApplicationContext(DefaultTestContext.java:83)
	at org.springframework.test.context.support.DependencyInjectionTestExecutionListener.injectDependencies(DependencyInjectionTestExecutionListener.java:117)
	at org.springframework.test.context.support.DependencyInjectionTestExecutionListener.prepareTestInstance(DependencyInjectionTestExecutionListener.java:83)
	at org.springframework.test.context.TestContextManager.prepareTestInstance(TestContextManager.java:228)
	at org.springframework.test.context.junit4.SpringJUnit4ClassRunner.createTest(SpringJUnit4ClassRunner.java:230)
	at org.springframework.test.context.junit4.SpringJUnit4ClassRunner$1.runReflectiveCall(SpringJUnit4ClassRunner.java:289)
	at org.junit.internal.runners.model.ReflectiveCallable.run(ReflectiveCallable.java:12)
	at org.springframework.test.context.junit4.SpringJUnit4ClassRunner.methodBlock(SpringJUnit4ClassRunner.java:291)
	at org.springframework.test.context.junit4.SpringJUnit4ClassRunner.runChild(SpringJUnit4ClassRunner.java:249)
	at org.springframework.test.context.junit4.SpringJUnit4ClassRunner.runChild(SpringJUnit4ClassRunner.java:89)
	at org.junit.runners.ParentRunner$3.run(ParentRunner.java:238)
	at org.junit.runners.ParentRunner$1.schedule(ParentRunner.java:63)
	at org.junit.runners.ParentRunner.runChildren(ParentRunner.java:236)
	at org.junit.runners.ParentRunner.access$000(ParentRunner.java:53)
	at org.junit.runners.ParentRunner$2.evaluate(ParentRunner.java:229)
	at org.springframework.test.context.junit4.statements.RunBeforeTestClassCallbacks.evaluate(RunBeforeTestClassCallbacks.java:61)
	at org.springframework.test.context.junit4.statements.RunAfterTestClassCallbacks.evaluate(RunAfterTestClassCallbacks.java:70)
	at org.junit.runners.ParentRunner.run(ParentRunner.java:309)
	at org.springframework.test.context.junit4.SpringJUnit4ClassRunner.run(SpringJUnit4ClassRunner.java:193)
	at org.eclipse.jdt.internal.junit4.runner.JUnit4TestReference.run(JUnit4TestReference.java:86)
	at org.eclipse.jdt.internal.junit.runner.TestExecution.run(TestExecution.java:38)
	at org.eclipse.jdt.internal.junit.runner.RemoteTestRunner.runTests(RemoteTestRunner.java:459)
	at org.eclipse.jdt.internal.junit.runner.RemoteTestRunner.runTests(RemoteTestRunner.java:675)
	at org.eclipse.jdt.internal.junit.runner.RemoteTestRunner.run(RemoteTestRunner.java:382)
	at org.eclipse.jdt.internal.junit.runner.RemoteTestRunner.main(RemoteTestRunner.java:192)
Caused by: org.springframework.beans.factory.BeanCreationException: Error creating bean with name 'standardRepository': Invocation of init method failed; nested exception is org.springframework.data.mapping.PropertyReferenceException: No property namelike found for type Standard!
	at org.springframework.beans.factory.support.AbstractAutowireCapableBeanFactory.initializeBean(AbstractAutowireCapableBeanFactory.java:1578)
	at org.springframework.beans.factory.support.AbstractAutowireCapableBeanFactory.doCreateBean(AbstractAutowireCapableBeanFactory.java:545)
	at org.springframework.beans.factory.support.AbstractAutowireCapableBeanFactory.createBean(AbstractAutowireCapableBeanFactory.java:482)
	at org.springframework.beans.factory.support.AbstractBeanFactory$1.getObject(AbstractBeanFactory.java:306)
	at org.springframework.beans.factory.support.DefaultSingletonBeanRegistry.getSingleton(DefaultSingletonBeanRegistry.java:230)
	at org.springframework.beans.factory.support.AbstractBeanFactory.doGetBean(AbstractBeanFactory.java:302)
	at org.springframework.beans.factory.support.AbstractBeanFactory.getBean(AbstractBeanFactory.java:197)
	at org.springframework.beans.factory.support.DefaultListableBeanFactory.preInstantiateSingletons(DefaultListableBeanFactory.java:753)
	at org.springframework.context.support.AbstractApplicationContext.finishBeanFactoryInitialization(AbstractApplicationContext.java:839)
	at org.springframework.context.support.AbstractApplicationContext.refresh(AbstractApplicationContext.java:538)
	at org.springframework.test.context.support.AbstractGenericContextLoader.loadContext(AbstractGenericContextLoader.java:125)
	at org.springframework.test.context.support.AbstractGenericContextLoader.loadContext(AbstractGenericContextLoader.java:60)
	at org.springframework.test.context.support.AbstractDelegatingSmartContextLoader.delegateLoading(AbstractDelegatingSmartContextLoader.java:109)
	at org.springframework.test.context.support.AbstractDelegatingSmartContextLoader.loadContext(AbstractDelegatingSmartContextLoader.java:261)
	at org.springframework.test.context.cache.DefaultCacheAwareContextLoaderDelegate.loadContextInternal(DefaultCacheAwareContextLoaderDelegate.java:98)
	at org.springframework.test.context.cache.DefaultCacheAwareContextLoaderDelegate.loadContext(DefaultCacheAwareContextLoaderDelegate.java:116)
	... 25 more
Caused by: org.springframework.data.mapping.PropertyReferenceException: No property namelike found for type Standard!
	at org.springframework.data.mapping.PropertyPath.<init>(PropertyPath.java:77)
	at org.springframework.data.mapping.PropertyPath.create(PropertyPath.java:329)
	at org.springframework.data.mapping.PropertyPath.create(PropertyPath.java:309)
	at org.springframework.data.mapping.PropertyPath.from(PropertyPath.java:272)
	at org.springframework.data.mapping.PropertyPath.from(PropertyPath.java:243)
	at org.springframework.data.repository.query.parser.Part.<init>(Part.java:76)
	at org.springframework.data.repository.query.parser.PartTree$OrPart.<init>(PartTree.java:235)
	at org.springframework.data.repository.query.parser.PartTree$Predicate.buildTree(PartTree.java:373)
	at org.springframework.data.repository.query.parser.PartTree$Predicate.<init>(PartTree.java:353)
	at org.springframework.data.repository.query.parser.PartTree.<init>(PartTree.java:87)
	at org.springframework.data.jpa.repository.query.PartTreeJpaQuery.<init>(PartTreeJpaQuery.java:63)
	at org.springframework.data.jpa.repository.query.JpaQueryLookupStrategy$CreateQueryLookupStrategy.resolveQuery(JpaQueryLookupStrategy.java:103)
	at org.springframework.data.jpa.repository.query.JpaQueryLookupStrategy$CreateIfNotFoundQueryLookupStrategy.resolveQuery(JpaQueryLookupStrategy.java:214)
	at org.springframework.data.jpa.repository.query.JpaQueryLookupStrategy$AbstractQueryLookupStrategy.resolveQuery(JpaQueryLookupStrategy.java:77)
	at org.springframework.data.repository.core.support.RepositoryFactorySupport$QueryExecutorMethodInterceptor.<init>(RepositoryFactorySupport.java:435)
	at org.springframework.data.repository.core.support.RepositoryFactorySupport.getRepository(RepositoryFactorySupport.java:220)
	at org.springframework.data.repository.core.support.RepositoryFactoryBeanSupport.initAndReturn(RepositoryFactoryBeanSupport.java:266)
	at org.springframework.data.repository.core.support.RepositoryFactoryBeanSupport.afterPropertiesSet(RepositoryFactoryBeanSupport.java:252)
	at org.springframework.data.jpa.repository.support.JpaRepositoryFactoryBean.afterPropertiesSet(JpaRepositoryFactoryBean.java:92)
	at org.springframework.beans.factory.support.AbstractAutowireCapableBeanFactory.invokeInitMethods(AbstractAutowireCapableBeanFactory.java:1637)
	at org.springframework.beans.factory.support.AbstractAutowireCapableBeanFactory.initializeBean(AbstractAutowireCapableBeanFactory.java:1574)
	... 40 more
21:36:29,214  INFO DefaultTestContextBootstrapper:259 - Loaded default TestExecutionListener class names from location [META-INF/spring.factories]: [org.springframework.test.context.web.ServletTestExecutionListener, org.springframework.test.context.support.DirtiesContextBeforeModesTestExecutionListener, org.springframework.test.context.support.DependencyInjectionTestExecutionListener, org.springframework.test.context.support.DirtiesContextTestExecutionListener, org.springframework.test.context.transaction.TransactionalTestExecutionListener, org.springframework.test.context.jdbc.SqlScriptsTestExecutionListener]
21:36:29,238  INFO DefaultTestContextBootstrapper:185 - Using TestExecutionListeners: [org.springframework.test.context.web.ServletTestExecutionListener@ff7cd8, org.springframework.test.context.support.DirtiesContextBeforeModesTestExecutionListener@15d80cf, org.springframework.test.context.support.DependencyInjectionTestExecutionListener@1b3d448, org.springframework.test.context.support.DirtiesContextTestExecutionListener@135f92f, org.springframework.test.context.transaction.TransactionalTestExecutionListener@7a8ba4, org.springframework.test.context.jdbc.SqlScriptsTestExecutionListener@165de14]
21:36:29,682  INFO XmlBeanDefinitionReader:317 - Loading XML bean definitions from class path resource [applicationContext.xml]
21:36:30,044  INFO GenericApplicationContext:578 - Refreshing org.springframework.context.support.GenericApplicationContext@4764a1: startup date [Mon Mar 12 21:36:30 CST 2018]; root of context hierarchy
21:36:30,148  INFO AutowiredAnnotationBeanPostProcessor:153 - JSR-330 'javax.inject.Inject' annotation found and supported for autowiring
21:36:30,245  INFO MLog:80 - MLog clients using log4j logging.
21:36:30,636  INFO C3P0Registry:204 - Initializing c3p0-0.9.1.2 [built 21-May-2007 15:04:56; debug? true; trace: 10]
21:36:30,809  INFO LocalContainerEntityManagerFactoryBean:339 - Building JPA container EntityManagerFactory for persistence unit 'default'
21:36:30,810  WARN HibernatePersistence:41 - HHH015016: Encountered a deprecated javax.persistence.spi.PersistenceProvider [org.hibernate.ejb.HibernatePersistence]; use [org.hibernate.jpa.HibernatePersistenceProvider] instead.
21:36:30,818  INFO LogHelper:31 - HHH000204: Processing PersistenceUnitInfo [
	name: default
	...]
21:36:30,941  INFO Version:37 - HHH000412: Hibernate Core {5.0.7.Final}
21:36:30,945  INFO Environment:213 - HHH000206: hibernate.properties not found
21:36:30,946  INFO Environment:317 - HHH000021: Bytecode provider name : javassist
21:36:31,015  INFO Version:66 - HCANN000001: Hibernate Commons Annotations {5.0.1.Final}
21:36:31,227  INFO AbstractPoolBackedDataSource:462 - Initializing c3p0 pool... com.mchange.v2.c3p0.ComboPooledDataSource [ acquireIncrement -> 3, acquireRetryAttempts -> 30, acquireRetryDelay -> 1000, autoCommitOnClose -> false, automaticTestTable -> null, breakAfterAcquireFailure -> false, checkoutTimeout -> 0, connectionCustomizerClassName -> null, connectionTesterClassName -> com.mchange.v2.c3p0.impl.DefaultConnectionTester, dataSourceName -> 31sqdo9u7bywkc1fnxijh|1212499, debugUnreturnedConnectionStackTraces -> false, description -> null, driverClass -> oracle.jdbc.driver.OracleDriver, factoryClassLocation -> null, forceIgnoreUnresolvedTransactions -> false, identityToken -> 31sqdo9u7bywkc1fnxijh|1212499, idleConnectionTestPeriod -> 0, initialPoolSize -> 3, jdbcUrl -> jdbc:oracle:thin:@192.168.140.150:1521:ORCL, maxAdministrativeTaskTime -> 0, maxConnectionAge -> 0, maxIdleTime -> 0, maxIdleTimeExcessConnections -> 0, maxPoolSize -> 15, maxStatements -> 0, maxStatementsPerConnection -> 0, minPoolSize -> 3, numHelperThreads -> 3, numThreadsAwaitingCheckoutDefaultUser -> 0, preferredTestQuery -> null, properties -> {user=******, password=******}, propertyCycle -> 0, testConnectionOnCheckin -> false, testConnectionOnCheckout -> false, unreturnedConnectionTimeout -> 0, usesTraditionalReflectiveProxies -> false ]
21:36:31,438  INFO Dialect:156 - HHH000400: Using dialect: org.hibernate.dialect.Oracle10gDialect
21:36:31,553  INFO LobCreatorBuilderImpl:124 - HHH000424: Disabling contextual LOB creation as createClob() method threw error : java.lang.reflect.InvocationTargetException
21:36:32,281  INFO SchemaUpdate:105 - HHH000228: Running hbm2ddl schema update
21:36:33,327  INFO QueryTranslatorFactoryInitiator:47 - HHH000397: Using ASTQueryTranslatorFactory
21:36:33,565  INFO GenericApplicationContext:960 - Closing org.springframework.context.support.GenericApplicationContext@4764a1: startup date [Mon Mar 12 21:36:30 CST 2018]; root of context hierarchy
21:36:33,566  INFO LocalContainerEntityManagerFactoryBean:462 - Closing JPA EntityManagerFactory for persistence unit 'default'
21:37:56,364  INFO DefaultTestContextBootstrapper:259 - Loaded default TestExecutionListener class names from location [META-INF/spring.factories]: [org.springframework.test.context.web.ServletTestExecutionListener, org.springframework.test.context.support.DirtiesContextBeforeModesTestExecutionListener, org.springframework.test.context.support.DependencyInjectionTestExecutionListener, org.springframework.test.context.support.DirtiesContextTestExecutionListener, org.springframework.test.context.transaction.TransactionalTestExecutionListener, org.springframework.test.context.jdbc.SqlScriptsTestExecutionListener]
21:37:56,388  INFO DefaultTestContextBootstrapper:185 - Using TestExecutionListeners: [org.springframework.test.context.web.ServletTestExecutionListener@1ce0e18, org.springframework.test.context.support.DirtiesContextBeforeModesTestExecutionListener@ff7cd8, org.springframework.test.context.support.DependencyInjectionTestExecutionListener@15d80cf, org.springframework.test.context.support.DirtiesContextTestExecutionListener@1b3d448, org.springframework.test.context.transaction.TransactionalTestExecutionListener@135f92f, org.springframework.test.context.jdbc.SqlScriptsTestExecutionListener@7a8ba4]
21:37:56,827  INFO XmlBeanDefinitionReader:317 - Loading XML bean definitions from class path resource [applicationContext.xml]
21:37:57,186  INFO GenericApplicationContext:578 - Refreshing org.springframework.context.support.GenericApplicationContext@69ae9f: startup date [Mon Mar 12 21:37:57 CST 2018]; root of context hierarchy
21:37:57,301  INFO AutowiredAnnotationBeanPostProcessor:153 - JSR-330 'javax.inject.Inject' annotation found and supported for autowiring
21:37:57,395  INFO MLog:80 - MLog clients using log4j logging.
21:37:57,786  INFO C3P0Registry:204 - Initializing c3p0-0.9.1.2 [built 21-May-2007 15:04:56; debug? true; trace: 10]
21:37:57,958  INFO LocalContainerEntityManagerFactoryBean:339 - Building JPA container EntityManagerFactory for persistence unit 'default'
21:37:57,959  WARN HibernatePersistence:41 - HHH015016: Encountered a deprecated javax.persistence.spi.PersistenceProvider [org.hibernate.ejb.HibernatePersistence]; use [org.hibernate.jpa.HibernatePersistenceProvider] instead.
21:37:57,967  INFO LogHelper:31 - HHH000204: Processing PersistenceUnitInfo [
	name: default
	...]
21:37:58,086  INFO Version:37 - HHH000412: Hibernate Core {5.0.7.Final}
21:37:58,089  INFO Environment:213 - HHH000206: hibernate.properties not found
21:37:58,091  INFO Environment:317 - HHH000021: Bytecode provider name : javassist
21:37:58,161  INFO Version:66 - HCANN000001: Hibernate Commons Annotations {5.0.1.Final}
21:37:58,371  INFO AbstractPoolBackedDataSource:462 - Initializing c3p0 pool... com.mchange.v2.c3p0.ComboPooledDataSource [ acquireIncrement -> 3, acquireRetryAttempts -> 30, acquireRetryDelay -> 1000, autoCommitOnClose -> false, automaticTestTable -> null, breakAfterAcquireFailure -> false, checkoutTimeout -> 0, connectionCustomizerClassName -> null, connectionTesterClassName -> com.mchange.v2.c3p0.impl.DefaultConnectionTester, dataSourceName -> 31sqdo9u7c0rt61mxwwhy|a37d72, debugUnreturnedConnectionStackTraces -> false, description -> null, driverClass -> oracle.jdbc.driver.OracleDriver, factoryClassLocation -> null, forceIgnoreUnresolvedTransactions -> false, identityToken -> 31sqdo9u7c0rt61mxwwhy|a37d72, idleConnectionTestPeriod -> 0, initialPoolSize -> 3, jdbcUrl -> jdbc:oracle:thin:@192.168.140.150:1521:ORCL, maxAdministrativeTaskTime -> 0, maxConnectionAge -> 0, maxIdleTime -> 0, maxIdleTimeExcessConnections -> 0, maxPoolSize -> 15, maxStatements -> 0, maxStatementsPerConnection -> 0, minPoolSize -> 3, numHelperThreads -> 3, numThreadsAwaitingCheckoutDefaultUser -> 0, preferredTestQuery -> null, properties -> {user=******, password=******}, propertyCycle -> 0, testConnectionOnCheckin -> false, testConnectionOnCheckout -> false, unreturnedConnectionTimeout -> 0, usesTraditionalReflectiveProxies -> false ]
21:37:58,601  INFO Dialect:156 - HHH000400: Using dialect: org.hibernate.dialect.Oracle10gDialect
21:37:58,711  INFO LobCreatorBuilderImpl:124 - HHH000424: Disabling contextual LOB creation as createClob() method threw error : java.lang.reflect.InvocationTargetException
21:37:59,440  INFO SchemaUpdate:105 - HHH000228: Running hbm2ddl schema update
21:38:00,410  INFO QueryTranslatorFactoryInitiator:47 - HHH000397: Using ASTQueryTranslatorFactory
21:38:00,623  INFO GenericApplicationContext:960 - Closing org.springframework.context.support.GenericApplicationContext@69ae9f: startup date [Mon Mar 12 21:37:57 CST 2018]; root of context hierarchy
21:38:00,624  INFO LocalContainerEntityManagerFactoryBean:462 - Closing JPA EntityManagerFactory for persistence unit 'default'
21:38:58,699  INFO DefaultTestContextBootstrapper:259 - Loaded default TestExecutionListener class names from location [META-INF/spring.factories]: [org.springframework.test.context.web.ServletTestExecutionListener, org.springframework.test.context.support.DirtiesContextBeforeModesTestExecutionListener, org.springframework.test.context.support.DependencyInjectionTestExecutionListener, org.springframework.test.context.support.DirtiesContextTestExecutionListener, org.springframework.test.context.transaction.TransactionalTestExecutionListener, org.springframework.test.context.jdbc.SqlScriptsTestExecutionListener]
21:38:58,724  INFO DefaultTestContextBootstrapper:185 - Using TestExecutionListeners: [org.springframework.test.context.web.ServletTestExecutionListener@1ce0e18, org.springframework.test.context.support.DirtiesContextBeforeModesTestExecutionListener@ff7cd8, org.springframework.test.context.support.DependencyInjectionTestExecutionListener@15d80cf, org.springframework.test.context.support.DirtiesContextTestExecutionListener@1b3d448, org.springframework.test.context.transaction.TransactionalTestExecutionListener@135f92f, org.springframework.test.context.jdbc.SqlScriptsTestExecutionListener@7a8ba4]
21:38:59,150  INFO XmlBeanDefinitionReader:317 - Loading XML bean definitions from class path resource [applicationContext.xml]
21:38:59,518  INFO GenericApplicationContext:578 - Refreshing org.springframework.context.support.GenericApplicationContext@69ae9f: startup date [Mon Mar 12 21:38:59 CST 2018]; root of context hierarchy
21:38:59,621  INFO AutowiredAnnotationBeanPostProcessor:153 - JSR-330 'javax.inject.Inject' annotation found and supported for autowiring
21:38:59,716  INFO MLog:80 - MLog clients using log4j logging.
21:39:00,109  INFO C3P0Registry:204 - Initializing c3p0-0.9.1.2 [built 21-May-2007 15:04:56; debug? true; trace: 10]
21:39:00,282  INFO LocalContainerEntityManagerFactoryBean:339 - Building JPA container EntityManagerFactory for persistence unit 'default'
21:39:00,283  WARN HibernatePersistence:41 - HHH015016: Encountered a deprecated javax.persistence.spi.PersistenceProvider [org.hibernate.ejb.HibernatePersistence]; use [org.hibernate.jpa.HibernatePersistenceProvider] instead.
21:39:00,292  INFO LogHelper:31 - HHH000204: Processing PersistenceUnitInfo [
	name: default
	...]
21:39:00,415  INFO Version:37 - HHH000412: Hibernate Core {5.0.7.Final}
21:39:00,419  INFO Environment:213 - HHH000206: hibernate.properties not found
21:39:00,421  INFO Environment:317 - HHH000021: Bytecode provider name : javassist
21:39:00,494  INFO Version:66 - HCANN000001: Hibernate Commons Annotations {5.0.1.Final}
21:39:00,703  INFO AbstractPoolBackedDataSource:462 - Initializing c3p0 pool... com.mchange.v2.c3p0.ComboPooledDataSource [ acquireIncrement -> 3, acquireRetryAttempts -> 30, acquireRetryDelay -> 1000, autoCommitOnClose -> false, automaticTestTable -> null, breakAfterAcquireFailure -> false, checkoutTimeout -> 0, connectionCustomizerClassName -> null, connectionTesterClassName -> com.mchange.v2.c3p0.impl.DefaultConnectionTester, dataSourceName -> 31sqdo9u7c23w8fqo84z|a37d72, debugUnreturnedConnectionStackTraces -> false, description -> null, driverClass -> oracle.jdbc.driver.OracleDriver, factoryClassLocation -> null, forceIgnoreUnresolvedTransactions -> false, identityToken -> 31sqdo9u7c23w8fqo84z|a37d72, idleConnectionTestPeriod -> 0, initialPoolSize -> 3, jdbcUrl -> jdbc:oracle:thin:@192.168.140.150:1521:ORCL, maxAdministrativeTaskTime -> 0, maxConnectionAge -> 0, maxIdleTime -> 0, maxIdleTimeExcessConnections -> 0, maxPoolSize -> 15, maxStatements -> 0, maxStatementsPerConnection -> 0, minPoolSize -> 3, numHelperThreads -> 3, numThreadsAwaitingCheckoutDefaultUser -> 0, preferredTestQuery -> null, properties -> {user=******, password=******}, propertyCycle -> 0, testConnectionOnCheckin -> false, testConnectionOnCheckout -> false, unreturnedConnectionTimeout -> 0, usesTraditionalReflectiveProxies -> false ]
21:39:00,915  INFO Dialect:156 - HHH000400: Using dialect: org.hibernate.dialect.Oracle10gDialect
21:39:01,026  INFO LobCreatorBuilderImpl:124 - HHH000424: Disabling contextual LOB creation as createClob() method threw error : java.lang.reflect.InvocationTargetException
21:39:01,758  INFO SchemaUpdate:105 - HHH000228: Running hbm2ddl schema update
21:39:02,733  INFO QueryTranslatorFactoryInitiator:47 - HHH000397: Using ASTQueryTranslatorFactory
21:39:02,968  INFO GenericApplicationContext:960 - Closing org.springframework.context.support.GenericApplicationContext@69ae9f: startup date [Mon Mar 12 21:38:59 CST 2018]; root of context hierarchy
21:39:02,969  INFO LocalContainerEntityManagerFactoryBean:462 - Closing JPA EntityManagerFactory for persistence unit 'default'
